[16:48:31.338] Global cache location '/Users/simon/Library/Caches/typescript/4.1', safe file path '/usr/local/lib/node_modules/typescript/lib/typingsafelist.json', types map path /usr/local/lib/node_modules/typescript/lib/typesmap.json
[16:48:31.340] Processing cache location '/Users/simon/Library/Caches/typescript/4.1'
[16:48:31.341] Trying to find '/Users/simon/Library/Caches/typescript/4.1/package.json'...
[16:48:31.343] Loaded content of '/Users/simon/Library/Caches/typescript/4.1/package.json': {"private":true,"dependencies":{"types-registry":"^0.1.538"}}
[16:48:31.343] Loaded content of '/Users/simon/Library/Caches/typescript/4.1/package-lock.json'
[16:48:31.343] Finished processing cache location '/Users/simon/Library/Caches/typescript/4.1'
[16:48:31.344] Process id: 10156
[16:48:31.344] NPM location: /usr/local/bin/npm (explicit '--npmLocation' not  provided)
[16:48:31.344] validateDefaultNpmLocation: false
[16:48:31.345] Npm config file: /Users/simon/Library/Caches/typescript/4.1/package.json
[16:48:31.345] Updating types-registry npm package...
[16:48:31.345] Exec: /usr/local/bin/npm install --ignore-scripts types-registry@latest
[16:48:35.105]     Succeeded. stdout:
    
    up to date, audited 2 packages in 3s

found 0 vulnerabilities

[16:48:35.105] Updated types-registry npm package
[16:48:35.140] Got install request {"projectName":"/dev/null/inferredProject1*","fileNames":["/usr/local/lib/node_modules/typescript/lib/lib.es5.d.ts","/usr/local/lib/node_modules/typescript/lib/lib.es2015.d.ts","/usr/local/lib/node_modules/typescript/lib/lib.es2016.d.ts","/usr/local/lib/node_modules/typescript/lib/lib.dom.d.ts","/usr/local/lib/node_modules/typescript/lib/lib.dom.iterable.d.ts","/usr/local/lib/node_modules/typescript/lib/lib.webworker.importscripts.d.ts","/usr/local/lib/node_modules/typescript/lib/lib.scripthost.d.ts","/usr/local/lib/node_modules/typescript/lib/lib.es2015.core.d.ts","/usr/local/lib/node_modules/typescript/lib/lib.es2015.collection.d.ts","/usr/local/lib/node_modules/typescript/lib/lib.es2015.generator.d.ts","/usr/local/lib/node_modules/typescript/lib/lib.es2015.iterable.d.ts","/usr/local/lib/node_modules/typescript/lib/lib.es2015.promise.d.ts","/usr/local/lib/node_modules/typescript/lib/lib.es2015.proxy.d.ts","/usr/local/lib/node_modules/typescript/lib/lib.es2015.reflect.d.ts","/usr/local/lib/node_modules/typescript/lib/lib.es2015.symbol.d.ts","/usr/local/lib/node_modules/typescript/lib/lib.es2015.symbol.wellknown.d.ts","/usr/local/lib/node_modules/typescript/lib/lib.es2016.array.include.d.ts","/usr/local/lib/node_modules/typescript/lib/lib.es2016.full.d.ts","/Users/simon/blog/cheng92.com/static/js/vue/tables/plan.js"],"compilerOptions":{"module":1,"target":3,"jsx":1,"allowJs":true,"allowSyntheticDefaultImports":true,"allowNonTsExtensions":true,"noEmitForJsFiles":true,"maxNodeModuleJsDepth":2},"typeAcquisition":{"enable":true,"include":[],"exclude":[]},"unresolvedImports":[],"projectRootPath":"/Users/simon/blog/cheng92.com/static/js/vue/tables","kind":"discover"}
[16:48:35.174] Loaded safelist from types map file '/usr/local/lib/node_modules/typescript/lib/typesmap.json'
[16:48:35.175] Explicitly included types: []
[16:48:35.184] Inferred typings from unresolved imports: []
[16:48:35.185] Result: {"cachedTypingPaths":[],"newTypingNames":[],"filesToWatch":["/Users/simon/blog/cheng92.com/static/js/vue/tables/bower_components","/Users/simon/blog/cheng92.com/static/js/vue/tables/node_modules"]}
[16:48:35.187] Finished typings discovery: {"cachedTypingPaths":[],"newTypingNames":[],"filesToWatch":["/Users/simon/blog/cheng92.com/static/js/vue/tables/bower_components","/Users/simon/blog/cheng92.com/static/js/vue/tables/node_modules"]}
[16:48:35.188] DirectoryWatcher:: Added:: WatchInfo: /Users/simon/blog/cheng92.com/static/js/vue/tables/bower_components
[16:48:35.190] DirectoryWatcher:: Added:: WatchInfo: /Users/simon/blog/cheng92.com/static/js/vue/tables/node_modules
[16:48:35.191] Sending response:
    {"projectName":"/dev/null/inferredProject1*","typeAcquisition":{"enable":true,"include":[],"exclude":[]},"compilerOptions":{"module":1,"target":3,"jsx":1,"allowJs":true,"allowSyntheticDefaultImports":true,"allowNonTsExtensions":true,"noEmitForJsFiles":true,"maxNodeModuleJsDepth":2},"typings":[],"unresolvedImports":[],"kind":"action::set"}
[16:48:35.192] Response has been sent.
[16:48:35.195] No new typings were requested as a result of typings discovery
[16:48:43.011] Got install request {"projectName":"/dev/null/inferredProject2*","fileNames":["/usr/local/lib/node_modules/typescript/lib/lib.es5.d.ts","/usr/local/lib/node_modules/typescript/lib/lib.es2015.d.ts","/usr/local/lib/node_modules/typescript/lib/lib.es2016.d.ts","/usr/local/lib/node_modules/typescript/lib/lib.dom.d.ts","/usr/local/lib/node_modules/typescript/lib/lib.dom.iterable.d.ts","/usr/local/lib/node_modules/typescript/lib/lib.webworker.importscripts.d.ts","/usr/local/lib/node_modules/typescript/lib/lib.scripthost.d.ts","/usr/local/lib/node_modules/typescript/lib/lib.es2015.core.d.ts","/usr/local/lib/node_modules/typescript/lib/lib.es2015.collection.d.ts","/usr/local/lib/node_modules/typescript/lib/lib.es2015.generator.d.ts","/usr/local/lib/node_modules/typescript/lib/lib.es2015.iterable.d.ts","/usr/local/lib/node_modules/typescript/lib/lib.es2015.promise.d.ts","/usr/local/lib/node_modules/typescript/lib/lib.es2015.proxy.d.ts","/usr/local/lib/node_modules/typescript/lib/lib.es2015.reflect.d.ts","/usr/local/lib/node_modules/typescript/lib/lib.es2015.symbol.d.ts","/usr/local/lib/node_modules/typescript/lib/lib.es2015.symbol.wellknown.d.ts","/usr/local/lib/node_modules/typescript/lib/lib.es2016.array.include.d.ts","/usr/local/lib/node_modules/typescript/lib/lib.es2016.full.d.ts","/Users/simon/blog/cheng92.com/static/js/vue/tables/awesome.js"],"compilerOptions":{"module":1,"target":3,"jsx":1,"allowJs":true,"allowSyntheticDefaultImports":true,"allowNonTsExtensions":true,"noEmitForJsFiles":true,"maxNodeModuleJsDepth":2},"typeAcquisition":{"enable":true,"include":[],"exclude":[]},"unresolvedImports":[],"projectRootPath":"/Users/simon/blog/cheng92.com/static/js/vue/tables","kind":"discover"}
[16:48:43.011] Explicitly included types: []
[16:48:43.012] Inferred typings from unresolved imports: []
[16:48:43.012] Result: {"cachedTypingPaths":[],"newTypingNames":[],"filesToWatch":["/Users/simon/blog/cheng92.com/static/js/vue/tables/bower_components","/Users/simon/blog/cheng92.com/static/js/vue/tables/node_modules"]}
[16:48:43.016] Finished typings discovery: {"cachedTypingPaths":[],"newTypingNames":[],"filesToWatch":["/Users/simon/blog/cheng92.com/static/js/vue/tables/bower_components","/Users/simon/blog/cheng92.com/static/js/vue/tables/node_modules"]}
[16:48:43.016] DirectoryWatcher:: Added:: WatchInfo: /Users/simon/blog/cheng92.com/static/js/vue/tables/bower_components
[16:48:43.016] DirectoryWatcher:: Added:: WatchInfo: /Users/simon/blog/cheng92.com/static/js/vue/tables/node_modules
[16:48:43.017] Sending response:
    {"projectName":"/dev/null/inferredProject2*","typeAcquisition":{"enable":true,"include":[],"exclude":[]},"compilerOptions":{"module":1,"target":3,"jsx":1,"allowJs":true,"allowSyntheticDefaultImports":true,"allowNonTsExtensions":true,"noEmitForJsFiles":true,"maxNodeModuleJsDepth":2},"typings":[],"unresolvedImports":[],"kind":"action::set"}
[16:48:43.017] Response has been sent.
[16:48:43.017] No new typings were requested as a result of typings discovery
[16:50:04.660] Got install request {"projectName":"/dev/null/inferredProject3*","fileNames":["/usr/local/lib/node_modules/typescript/lib/lib.es5.d.ts","/usr/local/lib/node_modules/typescript/lib/lib.es2015.d.ts","/usr/local/lib/node_modules/typescript/lib/lib.es2016.d.ts","/usr/local/lib/node_modules/typescript/lib/lib.dom.d.ts","/usr/local/lib/node_modules/typescript/lib/lib.dom.iterable.d.ts","/usr/local/lib/node_modules/typescript/lib/lib.webworker.importscripts.d.ts","/usr/local/lib/node_modules/typescript/lib/lib.scripthost.d.ts","/usr/local/lib/node_modules/typescript/lib/lib.es2015.core.d.ts","/usr/local/lib/node_modules/typescript/lib/lib.es2015.collection.d.ts","/usr/local/lib/node_modules/typescript/lib/lib.es2015.generator.d.ts","/usr/local/lib/node_modules/typescript/lib/lib.es2015.iterable.d.ts","/usr/local/lib/node_modules/typescript/lib/lib.es2015.promise.d.ts","/usr/local/lib/node_modules/typescript/lib/lib.es2015.proxy.d.ts","/usr/local/lib/node_modules/typescript/lib/lib.es2015.reflect.d.ts","/usr/local/lib/node_modules/typescript/lib/lib.es2015.symbol.d.ts","/usr/local/lib/node_modules/typescript/lib/lib.es2015.symbol.wellknown.d.ts","/usr/local/lib/node_modules/typescript/lib/lib.es2016.array.include.d.ts","/usr/local/lib/node_modules/typescript/lib/lib.es2016.full.d.ts","/Users/simon/blog/cheng92.com/static/js/vue/awesome/node.js"],"compilerOptions":{"module":1,"target":3,"jsx":1,"allowJs":true,"allowSyntheticDefaultImports":true,"allowNonTsExtensions":true,"noEmitForJsFiles":true,"maxNodeModuleJsDepth":2},"typeAcquisition":{"enable":true,"include":[],"exclude":[]},"unresolvedImports":[],"projectRootPath":"/Users/simon/blog/cheng92.com/static/js/vue/awesome","kind":"discover"}
[16:50:04.661] Explicitly included types: []
[16:50:04.663] Inferred typings from unresolved imports: []
[16:50:04.663] Result: {"cachedTypingPaths":[],"newTypingNames":[],"filesToWatch":["/Users/simon/blog/cheng92.com/static/js/vue/awesome/bower_components","/Users/simon/blog/cheng92.com/static/js/vue/awesome/node_modules"]}
[16:50:04.664] Finished typings discovery: {"cachedTypingPaths":[],"newTypingNames":[],"filesToWatch":["/Users/simon/blog/cheng92.com/static/js/vue/awesome/bower_components","/Users/simon/blog/cheng92.com/static/js/vue/awesome/node_modules"]}
[16:50:04.665] DirectoryWatcher:: Added:: WatchInfo: /Users/simon/blog/cheng92.com/static/js/vue/awesome/bower_components
[16:50:04.665] DirectoryWatcher:: Added:: WatchInfo: /Users/simon/blog/cheng92.com/static/js/vue/awesome/node_modules
[16:50:04.666] Sending response:
    {"projectName":"/dev/null/inferredProject3*","typeAcquisition":{"enable":true,"include":[],"exclude":[]},"compilerOptions":{"module":1,"target":3,"jsx":1,"allowJs":true,"allowSyntheticDefaultImports":true,"allowNonTsExtensions":true,"noEmitForJsFiles":true,"maxNodeModuleJsDepth":2},"typings":[],"unresolvedImports":[],"kind":"action::set"}
[16:50:04.667] Response has been sent.
[16:50:04.668] No new typings were requested as a result of typings discovery
[16:53:59.557] Got install request {"projectName":"/dev/null/inferredProject4*","fileNames":["/usr/local/lib/node_modules/typescript/lib/lib.es5.d.ts","/usr/local/lib/node_modules/typescript/lib/lib.es2015.d.ts","/usr/local/lib/node_modules/typescript/lib/lib.es2016.d.ts","/usr/local/lib/node_modules/typescript/lib/lib.dom.d.ts","/usr/local/lib/node_modules/typescript/lib/lib.dom.iterable.d.ts","/usr/local/lib/node_modules/typescript/lib/lib.webworker.importscripts.d.ts","/usr/local/lib/node_modules/typescript/lib/lib.scripthost.d.ts","/usr/local/lib/node_modules/typescript/lib/lib.es2015.core.d.ts","/usr/local/lib/node_modules/typescript/lib/lib.es2015.collection.d.ts","/usr/local/lib/node_modules/typescript/lib/lib.es2015.generator.d.ts","/usr/local/lib/node_modules/typescript/lib/lib.es2015.iterable.d.ts","/usr/local/lib/node_modules/typescript/lib/lib.es2015.promise.d.ts","/usr/local/lib/node_modules/typescript/lib/lib.es2015.proxy.d.ts","/usr/local/lib/node_modules/typescript/lib/lib.es2015.reflect.d.ts","/usr/local/lib/node_modules/typescript/lib/lib.es2015.symbol.d.ts","/usr/local/lib/node_modules/typescript/lib/lib.es2015.symbol.wellknown.d.ts","/usr/local/lib/node_modules/typescript/lib/lib.es2016.array.include.d.ts","/usr/local/lib/node_modules/typescript/lib/lib.es2016.full.d.ts","/Users/simon/blog/cheng92.com/static/js/vue/awesome/node-logging.js"],"compilerOptions":{"module":1,"target":3,"jsx":1,"allowJs":true,"allowSyntheticDefaultImports":true,"allowNonTsExtensions":true,"noEmitForJsFiles":true,"maxNodeModuleJsDepth":2},"typeAcquisition":{"enable":true,"include":[],"exclude":[]},"unresolvedImports":[],"projectRootPath":"/Users/simon/blog/cheng92.com/static/js/vue/awesome","kind":"discover"}
[16:53:59.559] Explicitly included types: []
[16:53:59.560] Inferred typings from unresolved imports: []
[16:53:59.563] Result: {"cachedTypingPaths":[],"newTypingNames":[],"filesToWatch":["/Users/simon/blog/cheng92.com/static/js/vue/awesome/bower_components","/Users/simon/blog/cheng92.com/static/js/vue/awesome/node_modules"]}
[16:53:59.563] Finished typings discovery: {"cachedTypingPaths":[],"newTypingNames":[],"filesToWatch":["/Users/simon/blog/cheng92.com/static/js/vue/awesome/bower_components","/Users/simon/blog/cheng92.com/static/js/vue/awesome/node_modules"]}
[16:53:59.563] DirectoryWatcher:: Added:: WatchInfo: /Users/simon/blog/cheng92.com/static/js/vue/awesome/bower_components
[16:53:59.566] DirectoryWatcher:: Added:: WatchInfo: /Users/simon/blog/cheng92.com/static/js/vue/awesome/node_modules
[16:53:59.567] Sending response:
    {"projectName":"/dev/null/inferredProject4*","typeAcquisition":{"enable":true,"include":[],"exclude":[]},"compilerOptions":{"module":1,"target":3,"jsx":1,"allowJs":true,"allowSyntheticDefaultImports":true,"allowNonTsExtensions":true,"noEmitForJsFiles":true,"maxNodeModuleJsDepth":2},"typings":[],"unresolvedImports":[],"kind":"action::set"}
[16:53:59.567] Response has been sent.
[16:53:59.568] No new typings were requested as a result of typings discovery
[17:40:03.912] Got install request {"projectName":"/dev/null/inferredProject5*","fileNames":["/usr/local/lib/node_modules/typescript/lib/lib.es5.d.ts","/usr/local/lib/node_modules/typescript/lib/lib.es2015.d.ts","/usr/local/lib/node_modules/typescript/lib/lib.es2016.d.ts","/usr/local/lib/node_modules/typescript/lib/lib.dom.d.ts","/usr/local/lib/node_modules/typescript/lib/lib.dom.iterable.d.ts","/usr/local/lib/node_modules/typescript/lib/lib.webworker.importscripts.d.ts","/usr/local/lib/node_modules/typescript/lib/lib.scripthost.d.ts","/usr/local/lib/node_modules/typescript/lib/lib.es2015.core.d.ts","/usr/local/lib/node_modules/typescript/lib/lib.es2015.collection.d.ts","/usr/local/lib/node_modules/typescript/lib/lib.es2015.generator.d.ts","/usr/local/lib/node_modules/typescript/lib/lib.es2015.iterable.d.ts","/usr/local/lib/node_modules/typescript/lib/lib.es2015.promise.d.ts","/usr/local/lib/node_modules/typescript/lib/lib.es2015.proxy.d.ts","/usr/local/lib/node_modules/typescript/lib/lib.es2015.reflect.d.ts","/usr/local/lib/node_modules/typescript/lib/lib.es2015.symbol.d.ts","/usr/local/lib/node_modules/typescript/lib/lib.es2015.symbol.wellknown.d.ts","/usr/local/lib/node_modules/typescript/lib/lib.es2016.array.include.d.ts","/usr/local/lib/node_modules/typescript/lib/lib.es2016.full.d.ts","/Users/simon/blog/cheng92.com/static/js/vue/awesome/common.js"],"compilerOptions":{"module":1,"target":3,"jsx":1,"allowJs":true,"allowSyntheticDefaultImports":true,"allowNonTsExtensions":true,"noEmitForJsFiles":true,"maxNodeModuleJsDepth":2},"typeAcquisition":{"enable":true,"include":[],"exclude":[]},"unresolvedImports":[],"projectRootPath":"/Users/simon/blog/cheng92.com/static/js/vue/awesome","kind":"discover"}
[17:40:03.921] Explicitly included types: []
[17:40:03.923] Inferred typings from unresolved imports: []
[17:40:03.923] Result: {"cachedTypingPaths":[],"newTypingNames":[],"filesToWatch":["/Users/simon/blog/cheng92.com/static/js/vue/awesome/bower_components","/Users/simon/blog/cheng92.com/static/js/vue/awesome/node_modules"]}
[17:40:03.926] Finished typings discovery: {"cachedTypingPaths":[],"newTypingNames":[],"filesToWatch":["/Users/simon/blog/cheng92.com/static/js/vue/awesome/bower_components","/Users/simon/blog/cheng92.com/static/js/vue/awesome/node_modules"]}
[17:40:03.926] DirectoryWatcher:: Added:: WatchInfo: /Users/simon/blog/cheng92.com/static/js/vue/awesome/bower_components
[17:40:03.927] DirectoryWatcher:: Added:: WatchInfo: /Users/simon/blog/cheng92.com/static/js/vue/awesome/node_modules
[17:40:03.927] Sending response:
    {"projectName":"/dev/null/inferredProject5*","typeAcquisition":{"enable":true,"include":[],"exclude":[]},"compilerOptions":{"module":1,"target":3,"jsx":1,"allowJs":true,"allowSyntheticDefaultImports":true,"allowNonTsExtensions":true,"noEmitForJsFiles":true,"maxNodeModuleJsDepth":2},"typings":[],"unresolvedImports":[],"kind":"action::set"}
[17:40:03.931] Response has been sent.
[17:40:03.931] No new typings were requested as a result of typings discovery
[18:54:31.175] Got install request {"projectName":"/dev/null/inferredProject6*","fileNames":["/usr/local/lib/node_modules/typescript/lib/lib.es5.d.ts","/usr/local/lib/node_modules/typescript/lib/lib.es2015.d.ts","/usr/local/lib/node_modules/typescript/lib/lib.es2016.d.ts","/usr/local/lib/node_modules/typescript/lib/lib.dom.d.ts","/usr/local/lib/node_modules/typescript/lib/lib.dom.iterable.d.ts","/usr/local/lib/node_modules/typescript/lib/lib.webworker.importscripts.d.ts","/usr/local/lib/node_modules/typescript/lib/lib.scripthost.d.ts","/usr/local/lib/node_modules/typescript/lib/lib.es2015.core.d.ts","/usr/local/lib/node_modules/typescript/lib/lib.es2015.collection.d.ts","/usr/local/lib/node_modules/typescript/lib/lib.es2015.generator.d.ts","/usr/local/lib/node_modules/typescript/lib/lib.es2015.iterable.d.ts","/usr/local/lib/node_modules/typescript/lib/lib.es2015.promise.d.ts","/usr/local/lib/node_modules/typescript/lib/lib.es2015.proxy.d.ts","/usr/local/lib/node_modules/typescript/lib/lib.es2015.reflect.d.ts","/usr/local/lib/node_modules/typescript/lib/lib.es2015.symbol.d.ts","/usr/local/lib/node_modules/typescript/lib/lib.es2015.symbol.wellknown.d.ts","/usr/local/lib/node_modules/typescript/lib/lib.es2016.array.include.d.ts","/usr/local/lib/node_modules/typescript/lib/lib.es2016.full.d.ts","/Users/simon/blog/cheng92.com/static/js/vue/awesome/cmd-line-utils.js"],"compilerOptions":{"module":1,"target":3,"jsx":1,"allowJs":true,"allowSyntheticDefaultImports":true,"allowNonTsExtensions":true,"noEmitForJsFiles":true,"maxNodeModuleJsDepth":2},"typeAcquisition":{"enable":true,"include":[],"exclude":[]},"unresolvedImports":[],"projectRootPath":"/Users/simon/blog/cheng92.com/static/js/vue/awesome","kind":"discover"}
[18:54:31.179] Explicitly included types: []
[18:54:31.180] Inferred typings from unresolved imports: []
[18:54:31.182] Result: {"cachedTypingPaths":[],"newTypingNames":[],"filesToWatch":["/Users/simon/blog/cheng92.com/static/js/vue/awesome/bower_components","/Users/simon/blog/cheng92.com/static/js/vue/awesome/node_modules"]}
[18:54:31.182] Finished typings discovery: {"cachedTypingPaths":[],"newTypingNames":[],"filesToWatch":["/Users/simon/blog/cheng92.com/static/js/vue/awesome/bower_components","/Users/simon/blog/cheng92.com/static/js/vue/awesome/node_modules"]}
[18:54:31.183] DirectoryWatcher:: Added:: WatchInfo: /Users/simon/blog/cheng92.com/static/js/vue/awesome/bower_components
[18:54:31.184] DirectoryWatcher:: Added:: WatchInfo: /Users/simon/blog/cheng92.com/static/js/vue/awesome/node_modules
[18:54:31.184] Sending response:
    {"projectName":"/dev/null/inferredProject6*","typeAcquisition":{"enable":true,"include":[],"exclude":[]},"compilerOptions":{"module":1,"target":3,"jsx":1,"allowJs":true,"allowSyntheticDefaultImports":true,"allowNonTsExtensions":true,"noEmitForJsFiles":true,"maxNodeModuleJsDepth":2},"typings":[],"unresolvedImports":[],"kind":"action::set"}
[18:54:31.188] Response has been sent.
[18:54:31.188] No new typings were requested as a result of typings discovery
[18:56:19.595] Got install request {"projectName":"/dev/null/inferredProject6*","fileNames":["/usr/local/lib/node_modules/typescript/lib/lib.es5.d.ts","/usr/local/lib/node_modules/typescript/lib/lib.es2015.d.ts","/usr/local/lib/node_modules/typescript/lib/lib.es2016.d.ts","/usr/local/lib/node_modules/typescript/lib/lib.dom.d.ts","/usr/local/lib/node_modules/typescript/lib/lib.dom.iterable.d.ts","/usr/local/lib/node_modules/typescript/lib/lib.webworker.importscripts.d.ts","/usr/local/lib/node_modules/typescript/lib/lib.scripthost.d.ts","/usr/local/lib/node_modules/typescript/lib/lib.es2015.core.d.ts","/usr/local/lib/node_modules/typescript/lib/lib.es2015.collection.d.ts","/usr/local/lib/node_modules/typescript/lib/lib.es2015.generator.d.ts","/usr/local/lib/node_modules/typescript/lib/lib.es2015.iterable.d.ts","/usr/local/lib/node_modules/typescript/lib/lib.es2015.promise.d.ts","/usr/local/lib/node_modules/typescript/lib/lib.es2015.proxy.d.ts","/usr/local/lib/node_modules/typescript/lib/lib.es2015.reflect.d.ts","/usr/local/lib/node_modules/typescript/lib/lib.es2015.symbol.d.ts","/usr/local/lib/node_modules/typescript/lib/lib.es2015.symbol.wellknown.d.ts","/usr/local/lib/node_modules/typescript/lib/lib.es2016.array.include.d.ts","/usr/local/lib/node_modules/typescript/lib/lib.es2016.full.d.ts","/Users/simon/blog/cheng92.com/static/js/vue/awesome/node-cmd-line-utils.js"],"compilerOptions":{"module":1,"target":3,"jsx":1,"allowJs":true,"allowSyntheticDefaultImports":true,"allowNonTsExtensions":true,"noEmitForJsFiles":true,"maxNodeModuleJsDepth":2},"typeAcquisition":{"enable":true,"include":[],"exclude":[]},"unresolvedImports":[],"projectRootPath":"/Users/simon/blog/cheng92.com/static/js/vue/awesome","kind":"discover"}
[18:56:19.598] Explicitly included types: []
[18:56:19.599] Inferred typings from unresolved imports: []
[18:56:19.601] Result: {"cachedTypingPaths":[],"newTypingNames":[],"filesToWatch":["/Users/simon/blog/cheng92.com/static/js/vue/awesome/bower_components","/Users/simon/blog/cheng92.com/static/js/vue/awesome/node_modules"]}
[18:56:19.601] Finished typings discovery: {"cachedTypingPaths":[],"newTypingNames":[],"filesToWatch":["/Users/simon/blog/cheng92.com/static/js/vue/awesome/bower_components","/Users/simon/blog/cheng92.com/static/js/vue/awesome/node_modules"]}
[18:56:19.602] Sending response:
    {"projectName":"/dev/null/inferredProject6*","typeAcquisition":{"enable":true,"include":[],"exclude":[]},"compilerOptions":{"module":1,"target":3,"jsx":1,"allowJs":true,"allowSyntheticDefaultImports":true,"allowNonTsExtensions":true,"noEmitForJsFiles":true,"maxNodeModuleJsDepth":2},"typings":[],"unresolvedImports":[],"kind":"action::set"}
[18:56:19.602] Response has been sent.
[18:56:19.605] No new typings were requested as a result of typings discovery
[14:41:11.562] Parent process has exited, shutting down...
