[16:09:46.407] Global cache location '/Users/simon/Library/Caches/typescript/4.1', safe file path '/usr/local/lib/node_modules/typescript/lib/typingsafelist.json', types map path /usr/local/lib/node_modules/typescript/lib/typesmap.json
[16:09:46.411] Processing cache location '/Users/simon/Library/Caches/typescript/4.1'
[16:09:46.414] Trying to find '/Users/simon/Library/Caches/typescript/4.1/package.json'...
[16:09:46.426] Loaded content of '/Users/simon/Library/Caches/typescript/4.1/package.json': {"private":true,"dependencies":{"types-registry":"^0.1.538"},"devDependencies":{"@types/babel__generator":"^7.6.2","@types/babel__traverse":"^7.11.1","@types/debug":"^4.1.5","@types/highlightjs":"^9.12.1","@types/linkify-it":"^3.0.1","@types/lodash":"^4.14.168","@types/markdown-it":"^12.0.1","@types/mdurl":"^1.0.2","@types/prismjs":"^1.16.5"}}
[16:09:46.426] Loaded content of '/Users/simon/Library/Caches/typescript/4.1/package-lock.json'
[16:09:46.449] Adding entry into typings cache: 'babel__generator' => '/Users/simon/Library/Caches/typescript/4.1/node_modules/@types/babel__generator/index.d.ts'
[16:09:46.457] Adding entry into typings cache: 'babel__traverse' => '/Users/simon/Library/Caches/typescript/4.1/node_modules/@types/babel__traverse/ts4.1/index.d.ts'
[16:09:46.463] Adding entry into typings cache: 'debug' => '/Users/simon/Library/Caches/typescript/4.1/node_modules/@types/debug/index.d.ts'
[16:09:46.466] Adding entry into typings cache: 'highlightjs' => '/Users/simon/Library/Caches/typescript/4.1/node_modules/@types/highlightjs/index.d.ts'
[16:09:46.470] Adding entry into typings cache: 'linkify-it' => '/Users/simon/Library/Caches/typescript/4.1/node_modules/@types/linkify-it/index.d.ts'
[16:09:46.475] Adding entry into typings cache: 'lodash' => '/Users/simon/Library/Caches/typescript/4.1/node_modules/@types/lodash/index.d.ts'
[16:09:46.481] Adding entry into typings cache: 'markdown-it' => '/Users/simon/Library/Caches/typescript/4.1/node_modules/@types/markdown-it/index.d.ts'
[16:09:46.489] Adding entry into typings cache: 'mdurl' => '/Users/simon/Library/Caches/typescript/4.1/node_modules/@types/mdurl/index.d.ts'
[16:09:46.494] Adding entry into typings cache: 'prismjs' => '/Users/simon/Library/Caches/typescript/4.1/node_modules/@types/prismjs/index.d.ts'
[16:09:46.494] Finished processing cache location '/Users/simon/Library/Caches/typescript/4.1'
[16:09:46.497] Process id: 23576
[16:09:46.498] NPM location: /usr/local/bin/npm (explicit '--npmLocation' not  provided)
[16:09:46.500] validateDefaultNpmLocation: false
[16:09:46.501] Npm config file: /Users/simon/Library/Caches/typescript/4.1/package.json
[16:09:46.504] Updating types-registry npm package...
[16:09:46.504] Exec: /usr/local/bin/npm install --ignore-scripts types-registry@latest
[16:09:50.352]     Succeeded. stdout:
    
    up to date, audited 15 packages in 3s

found 0 vulnerabilities

[16:09:50.352] Updated types-registry npm package
[16:09:50.468] Got install request {"projectName":"/dev/null/inferredProject1*","fileNames":["/usr/local/lib/node_modules/typescript/lib/lib.es5.d.ts","/usr/local/lib/node_modules/typescript/lib/lib.es2015.d.ts","/usr/local/lib/node_modules/typescript/lib/lib.es2016.d.ts","/usr/local/lib/node_modules/typescript/lib/lib.dom.d.ts","/usr/local/lib/node_modules/typescript/lib/lib.dom.iterable.d.ts","/usr/local/lib/node_modules/typescript/lib/lib.webworker.importscripts.d.ts","/usr/local/lib/node_modules/typescript/lib/lib.scripthost.d.ts","/usr/local/lib/node_modules/typescript/lib/lib.es2015.core.d.ts","/usr/local/lib/node_modules/typescript/lib/lib.es2015.collection.d.ts","/usr/local/lib/node_modules/typescript/lib/lib.es2015.generator.d.ts","/usr/local/lib/node_modules/typescript/lib/lib.es2015.iterable.d.ts","/usr/local/lib/node_modules/typescript/lib/lib.es2015.promise.d.ts","/usr/local/lib/node_modules/typescript/lib/lib.es2015.proxy.d.ts","/usr/local/lib/node_modules/typescript/lib/lib.es2015.reflect.d.ts","/usr/local/lib/node_modules/typescript/lib/lib.es2015.symbol.d.ts","/usr/local/lib/node_modules/typescript/lib/lib.es2015.symbol.wellknown.d.ts","/usr/local/lib/node_modules/typescript/lib/lib.es2016.array.include.d.ts","/usr/local/lib/node_modules/typescript/lib/lib.es2016.full.d.ts","/Users/simon/blog/cheng92.com/static/js/vue/vuex-persist.js"],"compilerOptions":{"module":1,"target":3,"jsx":1,"allowJs":true,"allowSyntheticDefaultImports":true,"allowNonTsExtensions":true,"noEmitForJsFiles":true,"maxNodeModuleJsDepth":2},"typeAcquisition":{"enable":true,"include":[],"exclude":[]},"unresolvedImports":[],"projectRootPath":"/Users/simon/blog/cheng92.com/static/js/vue","kind":"discover"}
[16:09:50.506] Loaded safelist from types map file '/usr/local/lib/node_modules/typescript/lib/typesmap.json'
[16:09:50.519] Explicitly included types: []
[16:09:50.523] Inferred typings from unresolved imports: []
[16:09:50.523] Result: {"cachedTypingPaths":[],"newTypingNames":[],"filesToWatch":["/Users/simon/blog/cheng92.com/static/js/vue/bower_components","/Users/simon/blog/cheng92.com/static/js/vue/node_modules"]}
[16:09:50.525] Finished typings discovery: {"cachedTypingPaths":[],"newTypingNames":[],"filesToWatch":["/Users/simon/blog/cheng92.com/static/js/vue/bower_components","/Users/simon/blog/cheng92.com/static/js/vue/node_modules"]}
[16:09:50.530] DirectoryWatcher:: Added:: WatchInfo: /Users/simon/blog/cheng92.com/static/js/vue/bower_components
[16:09:50.533] DirectoryWatcher:: Added:: WatchInfo: /Users/simon/blog/cheng92.com/static/js/vue/node_modules
[16:09:50.534] Sending response:
    {"projectName":"/dev/null/inferredProject1*","typeAcquisition":{"enable":true,"include":[],"exclude":[]},"compilerOptions":{"module":1,"target":3,"jsx":1,"allowJs":true,"allowSyntheticDefaultImports":true,"allowNonTsExtensions":true,"noEmitForJsFiles":true,"maxNodeModuleJsDepth":2},"typings":[],"unresolvedImports":[],"kind":"action::set"}
[16:09:50.537] Response has been sent.
[16:09:50.539] No new typings were requested as a result of typings discovery
[16:34:40.968] Got install request {"projectName":"/dev/null/inferredProject1*","fileNames":["/usr/local/lib/node_modules/typescript/lib/lib.es5.d.ts","/usr/local/lib/node_modules/typescript/lib/lib.es2015.d.ts","/usr/local/lib/node_modules/typescript/lib/lib.es2016.d.ts","/usr/local/lib/node_modules/typescript/lib/lib.dom.d.ts","/usr/local/lib/node_modules/typescript/lib/lib.dom.iterable.d.ts","/usr/local/lib/node_modules/typescript/lib/lib.webworker.importscripts.d.ts","/usr/local/lib/node_modules/typescript/lib/lib.scripthost.d.ts","/usr/local/lib/node_modules/typescript/lib/lib.es2015.core.d.ts","/usr/local/lib/node_modules/typescript/lib/lib.es2015.collection.d.ts","/usr/local/lib/node_modules/typescript/lib/lib.es2015.generator.d.ts","/usr/local/lib/node_modules/typescript/lib/lib.es2015.iterable.d.ts","/usr/local/lib/node_modules/typescript/lib/lib.es2015.promise.d.ts","/usr/local/lib/node_modules/typescript/lib/lib.es2015.proxy.d.ts","/usr/local/lib/node_modules/typescript/lib/lib.es2015.reflect.d.ts","/usr/local/lib/node_modules/typescript/lib/lib.es2015.symbol.d.ts","/usr/local/lib/node_modules/typescript/lib/lib.es2015.symbol.wellknown.d.ts","/usr/local/lib/node_modules/typescript/lib/lib.es2016.array.include.d.ts","/usr/local/lib/node_modules/typescript/lib/lib.es2016.full.d.ts","/Users/simon/blog/cheng92.com/static/js/vue/vuex-persist.js"],"compilerOptions":{"module":1,"target":3,"jsx":1,"allowJs":true,"allowSyntheticDefaultImports":true,"allowNonTsExtensions":true,"noEmitForJsFiles":true,"maxNodeModuleJsDepth":2},"typeAcquisition":{"enable":true,"include":[],"exclude":[]},"unresolvedImports":[""],"projectRootPath":"/Users/simon/blog/cheng92.com/static/js/vue","kind":"discover"}
[16:34:40.972] Explicitly included types: []
[16:34:40.975] Inferred typings from unresolved imports: [""]
[16:34:40.976] Result: {"cachedTypingPaths":[],"newTypingNames":[""],"filesToWatch":["/Users/simon/blog/cheng92.com/static/js/vue/bower_components","/Users/simon/blog/cheng92.com/static/js/vue/node_modules"]}
[16:34:40.976] Finished typings discovery: {"cachedTypingPaths":[],"newTypingNames":[""],"filesToWatch":["/Users/simon/blog/cheng92.com/static/js/vue/bower_components","/Users/simon/blog/cheng92.com/static/js/vue/node_modules"]}
[16:34:40.983] Installing typings [""]
[16:34:40.985] '':: Package name '' cannot be empty
[16:34:40.986] All typings are known to be missing or invalid - no need to install more typings
[16:34:40.986] Sending response:
    {"projectName":"/dev/null/inferredProject1*","typeAcquisition":{"enable":true,"include":[],"exclude":[]},"compilerOptions":{"module":1,"target":3,"jsx":1,"allowJs":true,"allowSyntheticDefaultImports":true,"allowNonTsExtensions":true,"noEmitForJsFiles":true,"maxNodeModuleJsDepth":2},"typings":[],"unresolvedImports":[""],"kind":"action::set"}
[16:34:40.987] Response has been sent.
[16:34:43.314] Got install request {"projectName":"/dev/null/inferredProject1*","fileNames":["/usr/local/lib/node_modules/typescript/lib/lib.es5.d.ts","/usr/local/lib/node_modules/typescript/lib/lib.es2015.d.ts","/usr/local/lib/node_modules/typescript/lib/lib.es2016.d.ts","/usr/local/lib/node_modules/typescript/lib/lib.dom.d.ts","/usr/local/lib/node_modules/typescript/lib/lib.dom.iterable.d.ts","/usr/local/lib/node_modules/typescript/lib/lib.webworker.importscripts.d.ts","/usr/local/lib/node_modules/typescript/lib/lib.scripthost.d.ts","/usr/local/lib/node_modules/typescript/lib/lib.es2015.core.d.ts","/usr/local/lib/node_modules/typescript/lib/lib.es2015.collection.d.ts","/usr/local/lib/node_modules/typescript/lib/lib.es2015.generator.d.ts","/usr/local/lib/node_modules/typescript/lib/lib.es2015.iterable.d.ts","/usr/local/lib/node_modules/typescript/lib/lib.es2015.promise.d.ts","/usr/local/lib/node_modules/typescript/lib/lib.es2015.proxy.d.ts","/usr/local/lib/node_modules/typescript/lib/lib.es2015.reflect.d.ts","/usr/local/lib/node_modules/typescript/lib/lib.es2015.symbol.d.ts","/usr/local/lib/node_modules/typescript/lib/lib.es2015.symbol.wellknown.d.ts","/usr/local/lib/node_modules/typescript/lib/lib.es2016.array.include.d.ts","/usr/local/lib/node_modules/typescript/lib/lib.es2016.full.d.ts","/Users/simon/blog/cheng92.com/static/js/vue/vuex-persist.js"],"compilerOptions":{"module":1,"target":3,"jsx":1,"allowJs":true,"allowSyntheticDefaultImports":true,"allowNonTsExtensions":true,"noEmitForJsFiles":true,"maxNodeModuleJsDepth":2},"typeAcquisition":{"enable":true,"include":[],"exclude":[]},"unresolvedImports":["fla"],"projectRootPath":"/Users/simon/blog/cheng92.com/static/js/vue","kind":"discover"}
[16:34:43.315] Explicitly included types: []
[16:34:43.318] Inferred typings from unresolved imports: ["fla"]
[16:34:43.319] Result: {"cachedTypingPaths":[],"newTypingNames":["fla"],"filesToWatch":["/Users/simon/blog/cheng92.com/static/js/vue/bower_components","/Users/simon/blog/cheng92.com/static/js/vue/node_modules"]}
[16:34:43.322] Finished typings discovery: {"cachedTypingPaths":[],"newTypingNames":["fla"],"filesToWatch":["/Users/simon/blog/cheng92.com/static/js/vue/bower_components","/Users/simon/blog/cheng92.com/static/js/vue/node_modules"]}
[16:34:43.324] Installing typings ["fla"]
[16:34:43.325] 'fla':: Entry for package 'fla' does not exist in local types registry - skipping...
[16:34:43.325] All typings are known to be missing or invalid - no need to install more typings
[16:34:43.325] Sending response:
    {"projectName":"/dev/null/inferredProject1*","typeAcquisition":{"enable":true,"include":[],"exclude":[]},"compilerOptions":{"module":1,"target":3,"jsx":1,"allowJs":true,"allowSyntheticDefaultImports":true,"allowNonTsExtensions":true,"noEmitForJsFiles":true,"maxNodeModuleJsDepth":2},"typings":[],"unresolvedImports":["fla"],"kind":"action::set"}
[16:34:43.325] Response has been sent.
[16:34:43.350] Got install request {"projectName":"/dev/null/inferredProject1*","fileNames":["/usr/local/lib/node_modules/typescript/lib/lib.es5.d.ts","/usr/local/lib/node_modules/typescript/lib/lib.es2015.d.ts","/usr/local/lib/node_modules/typescript/lib/lib.es2016.d.ts","/usr/local/lib/node_modules/typescript/lib/lib.dom.d.ts","/usr/local/lib/node_modules/typescript/lib/lib.dom.iterable.d.ts","/usr/local/lib/node_modules/typescript/lib/lib.webworker.importscripts.d.ts","/usr/local/lib/node_modules/typescript/lib/lib.scripthost.d.ts","/usr/local/lib/node_modules/typescript/lib/lib.es2015.core.d.ts","/usr/local/lib/node_modules/typescript/lib/lib.es2015.collection.d.ts","/usr/local/lib/node_modules/typescript/lib/lib.es2015.generator.d.ts","/usr/local/lib/node_modules/typescript/lib/lib.es2015.iterable.d.ts","/usr/local/lib/node_modules/typescript/lib/lib.es2015.promise.d.ts","/usr/local/lib/node_modules/typescript/lib/lib.es2015.proxy.d.ts","/usr/local/lib/node_modules/typescript/lib/lib.es2015.reflect.d.ts","/usr/local/lib/node_modules/typescript/lib/lib.es2015.symbol.d.ts","/usr/local/lib/node_modules/typescript/lib/lib.es2015.symbol.wellknown.d.ts","/usr/local/lib/node_modules/typescript/lib/lib.es2016.array.include.d.ts","/usr/local/lib/node_modules/typescript/lib/lib.es2016.full.d.ts","/Users/simon/blog/cheng92.com/static/js/vue/vuex-persist.js"],"compilerOptions":{"module":1,"target":3,"jsx":1,"allowJs":true,"allowSyntheticDefaultImports":true,"allowNonTsExtensions":true,"noEmitForJsFiles":true,"maxNodeModuleJsDepth":2},"typeAcquisition":{"enable":true,"include":[],"exclude":[]},"unresolvedImports":["flat"],"projectRootPath":"/Users/simon/blog/cheng92.com/static/js/vue","kind":"discover"}
[16:34:43.350] Explicitly included types: []
[16:34:43.353] Inferred typings from unresolved imports: ["flat"]
[16:34:43.353] Result: {"cachedTypingPaths":[],"newTypingNames":["flat"],"filesToWatch":["/Users/simon/blog/cheng92.com/static/js/vue/bower_components","/Users/simon/blog/cheng92.com/static/js/vue/node_modules"]}
[16:34:43.356] Finished typings discovery: {"cachedTypingPaths":[],"newTypingNames":["flat"],"filesToWatch":["/Users/simon/blog/cheng92.com/static/js/vue/bower_components","/Users/simon/blog/cheng92.com/static/js/vue/node_modules"]}
[16:34:43.356] Installing typings ["flat"]
[16:34:43.357] Npm config file: /Users/simon/Library/Caches/typescript/4.1/package.json
[16:34:43.360] Sending response:
    {"kind":"event::beginInstallTypes","eventId":1,"typingsInstallerVersion":"4.1.5","projectName":"/dev/null/inferredProject1*"}
[16:34:43.360] Response has been sent.
[16:34:43.373] #1 with arguments'["@types/flat@ts4.1"]'.
[16:34:43.374] Exec: /usr/local/bin/npm install --ignore-scripts @types/flat@ts4.1 --save-dev --user-agent="typesInstaller/4.1.5"
[16:34:48.204]     Succeeded. stdout:
    
    added 1 package, and audited 16 packages in 4s

found 0 vulnerabilities

[16:34:48.204] npm install #1 took: 4830 ms
[16:34:48.207] Installed typings ["@types/flat@ts4.1"]
[16:34:48.212] Installed typing files ["/Users/simon/Library/Caches/typescript/4.1/node_modules/@types/flat/index.d.ts"]
[16:34:48.212] Sending response:
    {"projectName":"/dev/null/inferredProject1*","typeAcquisition":{"enable":true,"include":[],"exclude":[]},"compilerOptions":{"module":1,"target":3,"jsx":1,"allowJs":true,"allowSyntheticDefaultImports":true,"allowNonTsExtensions":true,"noEmitForJsFiles":true,"maxNodeModuleJsDepth":2},"typings":["/Users/simon/Library/Caches/typescript/4.1/node_modules/@types/flat/index.d.ts"],"unresolvedImports":["flat"],"kind":"action::set"}
[16:34:48.214] Response has been sent.
[16:34:48.214] Sending response:
    {"kind":"event::endInstallTypes","eventId":1,"projectName":"/dev/null/inferredProject1*","packagesToInstall":["@types/flat@ts4.1"],"installSuccess":true,"typingsInstallerVersion":"4.1.5"}
[16:34:48.215] Response has been sent.
[16:34:48.215] Got install request {"projectName":"/dev/null/inferredProject1*","fileNames":["/usr/local/lib/node_modules/typescript/lib/lib.es5.d.ts","/usr/local/lib/node_modules/typescript/lib/lib.es2015.d.ts","/usr/local/lib/node_modules/typescript/lib/lib.es2016.d.ts","/usr/local/lib/node_modules/typescript/lib/lib.dom.d.ts","/usr/local/lib/node_modules/typescript/lib/lib.dom.iterable.d.ts","/usr/local/lib/node_modules/typescript/lib/lib.webworker.importscripts.d.ts","/usr/local/lib/node_modules/typescript/lib/lib.scripthost.d.ts","/usr/local/lib/node_modules/typescript/lib/lib.es2015.core.d.ts","/usr/local/lib/node_modules/typescript/lib/lib.es2015.collection.d.ts","/usr/local/lib/node_modules/typescript/lib/lib.es2015.generator.d.ts","/usr/local/lib/node_modules/typescript/lib/lib.es2015.iterable.d.ts","/usr/local/lib/node_modules/typescript/lib/lib.es2015.promise.d.ts","/usr/local/lib/node_modules/typescript/lib/lib.es2015.proxy.d.ts","/usr/local/lib/node_modules/typescript/lib/lib.es2015.reflect.d.ts","/usr/local/lib/node_modules/typescript/lib/lib.es2015.symbol.d.ts","/usr/local/lib/node_modules/typescript/lib/lib.es2015.symbol.wellknown.d.ts","/usr/local/lib/node_modules/typescript/lib/lib.es2016.array.include.d.ts","/usr/local/lib/node_modules/typescript/lib/lib.es2016.full.d.ts","/Users/simon/blog/cheng92.com/static/js/vue/vuex-persist.js"],"compilerOptions":{"module":1,"target":3,"jsx":1,"allowJs":true,"allowSyntheticDefaultImports":true,"allowNonTsExtensions":true,"noEmitForJsFiles":true,"maxNodeModuleJsDepth":2},"typeAcquisition":{"enable":true,"include":[],"exclude":[]},"unresolvedImports":["flatted"],"projectRootPath":"/Users/simon/blog/cheng92.com/static/js/vue","kind":"discover"}
[16:34:48.216] Explicitly included types: []
[16:34:48.219] Inferred typings from unresolved imports: ["flatted"]
[16:34:48.220] Result: {"cachedTypingPaths":[],"newTypingNames":["flatted"],"filesToWatch":["/Users/simon/blog/cheng92.com/static/js/vue/bower_components","/Users/simon/blog/cheng92.com/static/js/vue/node_modules"]}
[16:34:48.220] Finished typings discovery: {"cachedTypingPaths":[],"newTypingNames":["flatted"],"filesToWatch":["/Users/simon/blog/cheng92.com/static/js/vue/bower_components","/Users/simon/blog/cheng92.com/static/js/vue/node_modules"]}
[16:34:48.220] Installing typings ["flatted"]
[16:34:48.220] 'flatted':: Entry for package 'flatted' does not exist in local types registry - skipping...
[16:34:48.220] All typings are known to be missing or invalid - no need to install more typings
[16:34:48.220] Sending response:
    {"projectName":"/dev/null/inferredProject1*","typeAcquisition":{"enable":true,"include":[],"exclude":[]},"compilerOptions":{"module":1,"target":3,"jsx":1,"allowJs":true,"allowSyntheticDefaultImports":true,"allowNonTsExtensions":true,"noEmitForJsFiles":true,"maxNodeModuleJsDepth":2},"typings":[],"unresolvedImports":["flatted"],"kind":"action::set"}
[16:34:48.221] Response has been sent.
